-----------------------------------------------------------
Server listening on 5201
-----------------------------------------------------------
Accepted connection from 10.3.1.20, port 50496
[  5] local 10.4.1.20 port 5201 connected to 10.3.1.20 port 50508
[ ID] Interval           Transfer     Bitrate
[  5]   0.00-1.15   sec  1.25 MBytes  9.15 Mbits/sec                  
[  5]   1.15-2.13   sec  1.12 MBytes  9.57 Mbits/sec                  
[  5]   2.13-3.12   sec  1.12 MBytes  9.56 Mbits/sec                  
[  5]   3.12-4.22   sec  1.25 MBytes  9.56 Mbits/sec                  
[  5]   4.22-5.20   sec  1.12 MBytes  9.56 Mbits/sec                  
[  5]   5.20-6.19   sec  1.12 MBytes  9.56 Mbits/sec                  
[  5]   6.19-7.18   sec  1.12 MBytes  9.57 Mbits/sec                  
[  5]   7.18-8.16   sec  1.12 MBytes  9.56 Mbits/sec                  
[  5]   8.16-9.15   sec  1.12 MBytes  9.56 Mbits/sec                  
[  5]   9.15-10.14  sec  1.12 MBytes  9.57 Mbits/sec                  
[  5]  10.14-10.57  sec   512 KBytes  9.56 Mbits/sec                  
- - - - - - - - - - - - - - - - - - - - - - - - -
[ ID] Interval           Transfer     Bitrate
[  5]   0.00-10.57  sec  12.0 MBytes  9.52 Mbits/sec                  receiver
-----------------------------------------------------------
Server listening on 5201
-----------------------------------------------------------
