-----------------------------------------------------------
Server listening on 5201
-----------------------------------------------------------
Accepted connection from 10.3.1.20, port 58836
[  5] local 10.4.1.20 port 5201 connected to 10.3.1.20 port 58852
[ ID] Interval           Transfer     Bitrate
[  5]   0.00-1.14   sec  1.25 MBytes  9.17 Mbits/sec                  
[  5]   1.14-2.13   sec  1.12 MBytes  9.57 Mbits/sec                  
[  5]   2.13-3.12   sec  1.12 MBytes  9.56 Mbits/sec                  
[  5]   3.12-4.21   sec  1.25 MBytes  9.57 Mbits/sec                  
[  5]   4.21-5.20   sec  1.12 MBytes  9.56 Mbits/sec                  
[  5]   5.20-6.19   sec  1.12 MBytes  9.56 Mbits/sec                  
[  5]   6.19-7.17   sec  1.12 MBytes  9.57 Mbits/sec                  
[  5]   7.17-8.16   sec  1.12 MBytes  9.56 Mbits/sec                  
[  5]   8.16-9.15   sec  1.12 MBytes  9.56 Mbits/sec                  
[  5]   9.15-10.13  sec  1.12 MBytes  9.57 Mbits/sec                  
[  5]  10.13-10.57  sec   512 KBytes  9.56 Mbits/sec                  
- - - - - - - - - - - - - - - - - - - - - - - - -
[ ID] Interval           Transfer     Bitrate
[  5]   0.00-10.57  sec  12.0 MBytes  9.52 Mbits/sec                  receiver
-----------------------------------------------------------
Server listening on 5201
-----------------------------------------------------------
